# JRE version: OpenJDK Runtime Environment (17.0.9) (build 17.0.9+0-17.0.9b1087.7-11185874)
# Java VM: OpenJDK 64-Bit Server VM (17.0.9+0-17.0.9b1087.7-11185874, mixed mode, tiered, compressed oops, compressed class ptrs, g1 gc, linux-amd64)
GC Precious Log:
 CPUs: 4 total, 4 available
 Memory: 7891M
 Large Page Support: Disabled
 NUMA Support: Disabled
 Compressed Oops: Enabled (32-bit)
 Heap Region Size: 1M
 Heap Min Capacity: 8M
 Heap Initial Capacity: 124M
 Heap Max Capacity: 2G
 Pre-touch: Disabled
 Parallel Workers: 4
 Concurrent Workers: 1
 Concurrent Refinement Workers: 4
 Periodic GC: Disabled
Heap:
 garbage-first heap   total 387072K, used 227558K [0x0000000080000000, 0x0000000100000000)
  region size 1024K, 2 young (2048K), 2 survivors (2048K)
 Metaspace       used 155765K, committed 156928K, reserved 1245184K
  class space    used 21103K, committed 21632K, reserved 1048576K
GC Heap History (20 events):
Event: 400.418 GC heap after
{Heap after GC invocations=55 (full 0):
 garbage-first heap   total 387072K, used 187036K [0x0000000080000000, 0x0000000100000000)
  region size 1024K, 6 young (6144K), 6 survivors (6144K)
 Metaspace       used 153009K, committed 154048K, reserved 1245184K
  class space    used 20861K, committed 21376K, reserved 1048576K
}
Event: 618.038 GC heap before
{Heap before GC invocations=55 (full 0):
 garbage-first heap   total 387072K, used 328348K [0x0000000080000000, 0x0000000100000000)
  region size 1024K, 124 young (126976K), 6 survivors (6144K)
 Metaspace       used 154787K, committed 155840K, reserved 1245184K
  class space    used 21054K, committed 21568K, reserved 1048576K
}
Event: 618.129 GC heap after
{Heap after GC invocations=56 (full 0):
 garbage-first heap   total 387072K, used 199195K [0x0000000080000000, 0x0000000100000000)
  region size 1024K, 16 young (16384K), 16 survivors (16384K)
 Metaspace       used 154787K, committed 155840K, reserved 1245184K
  class space    used 21054K, committed 21568K, reserved 1048576K
}
Event: 874.607 GC heap before
{Heap before GC invocations=56 (full 0):
 garbage-first heap   total 387072K, used 331291K [0x0000000080000000, 0x0000000100000000)
  region size 1024K, 125 young (128000K), 16 survivors (16384K)
 Metaspace       used 155393K, committed 156416K, reserved 1245184K
  class space    used 21075K, committed 21568K, reserved 1048576K
}
Event: 877.780 GC heap after
{Heap after GC invocations=57 (full 0):
 garbage-first heap   total 387072K, used 200812K [0x0000000080000000, 0x0000000100000000)
  region size 1024K, 4 young (4096K), 4 survivors (4096K)
 Metaspace       used 155393K, committed 156416K, reserved 1245184K
  class space    used 21075K, committed 21568K, reserved 1048576K
}
Event: 883.101 GC heap before
{Heap before GC invocations=57 (full 0):
 garbage-first heap   total 387072K, used 214124K [0x0000000080000000, 0x0000000100000000)
  region size 1024K, 18 young (18432K), 4 survivors (4096K)
 Metaspace       used 155398K, committed 156416K, reserved 1245184K
  class space    used 21075K, committed 21568K, reserved 1048576K
}
Event: 883.187 GC heap after
{Heap after GC invocations=58 (full 0):
 garbage-first heap   total 387072K, used 203526K [0x0000000080000000, 0x0000000100000000)
  region size 1024K, 3 young (3072K), 3 survivors (3072K)
 Metaspace       used 155398K, committed 156416K, reserved 1245184K
  class space    used 21075K, committed 21568K, reserved 1048576K
}
Event: 884.400 GC heap before
{Heap before GC invocations=58 (full 0):
 garbage-first heap   total 387072K, used 218886K [0x0000000080000000, 0x0000000100000000)
  region size 1024K, 18 young (18432K), 3 survivors (3072K)
 Metaspace       used 155447K, committed 156480K, reserved 1245184K
  class space    used 21076K, committed 21568K, reserved 1048576K
}
Event: 884.435 GC heap after
{Heap after GC invocations=59 (full 0):
 garbage-first heap   total 387072K, used 205755K [0x0000000080000000, 0x0000000100000000)
  region size 1024K, 3 young (3072K), 3 survivors (3072K)
 Metaspace       used 155447K, committed 156480K, reserved 1245184K
  class space    used 21076K, committed 21568K, reserved 1048576K
}
Event: 885.659 GC heap before
{Heap before GC invocations=59 (full 0):
 garbage-first heap   total 387072K, used 221115K [0x0000000080000000, 0x0000000100000000)
  region size 1024K, 18 young (18432K), 3 survivors (3072K)
 Metaspace       used 155555K, committed 156672K, reserved 1245184K
  class space    used 21080K, committed 21632K, reserved 1048576K
}
Event: 885.704 GC heap after
{Heap after GC invocations=60 (full 0):
 garbage-first heap   total 387072K, used 208347K [0x0000000080000000, 0x0000000100000000)
  region size 1024K, 3 young (3072K), 3 survivors (3072K)
 Metaspace       used 155555K, committed 156672K, reserved 1245184K
  class space    used 21080K, committed 21632K, reserved 1048576K
}
Event: 888.317 GC heap before
{Heap before GC invocations=60 (full 0):
 garbage-first heap   total 387072K, used 222683K [0x0000000080000000, 0x0000000100000000)
  region size 1024K, 18 young (18432K), 3 survivors (3072K)
 Metaspace       used 155583K, committed 156736K, reserved 1245184K
  class space    used 21081K, committed 21632K, reserved 1048576K
}
Event: 888.382 GC heap after
{Heap after GC invocations=61 (full 0):
 garbage-first heap   total 387072K, used 210819K [0x0000000080000000, 0x0000000100000000)
  region size 1024K, 3 young (3072K), 3 survivors (3072K)
 Metaspace       used 155583K, committed 156736K, reserved 1245184K
  class space    used 21081K, committed 21632K, reserved 1048576K
}
Event: 890.363 GC heap before
{Heap before GC invocations=61 (full 0):
 garbage-first heap   total 387072K, used 226179K [0x0000000080000000, 0x0000000100000000)
  region size 1024K, 18 young (18432K), 3 survivors (3072K)
 Metaspace       used 155685K, committed 156800K, reserved 1245184K
  class space    used 21098K, committed 21632K, reserved 1048576K
}
Event: 890.502 GC heap after
{Heap after GC invocations=62 (full 0):
 garbage-first heap   total 387072K, used 212615K [0x0000000080000000, 0x0000000100000000)
  region size 1024K, 2 young (2048K), 2 survivors (2048K)
 Metaspace       used 155685K, committed 156800K, reserved 1245184K
  class space    used 21098K, committed 21632K, reserved 1048576K
}
Event: 891.613 GC heap before
{Heap before GC invocations=62 (full 0):
 garbage-first heap   total 387072K, used 228999K [0x0000000080000000, 0x0000000100000000)
  region size 1024K, 18 young (18432K), 2 survivors (2048K)
 Metaspace       used 155696K, committed 156864K, reserved 1245184K
  class space    used 21098K, committed 21632K, reserved 1048576K
}
Event: 892.567 GC heap after
{Heap after GC invocations=63 (full 0):
 garbage-first heap   total 387072K, used 220606K [0x0000000080000000, 0x0000000100000000)
  region size 1024K, 3 young (3072K), 3 survivors (3072K)
 Metaspace       used 155696K, committed 156864K, reserved 1245184K
  class space    used 21098K, committed 21632K, reserved 1048576K
}
Event: 892.735 GC heap before
{Heap before GC invocations=63 (full 0):
 garbage-first heap   total 387072K, used 235966K [0x0000000080000000, 0x0000000100000000)
  region size 1024K, 18 young (18432K), 3 survivors (3072K)
 Metaspace       used 155701K, committed 156864K, reserved 1245184K
  class space    used 21098K, committed 21632K, reserved 1048576K
}
Event: 893.515 GC heap after
{Heap after GC invocations=64 (full 0):
 garbage-first heap   total 387072K, used 225811K [0x0000000080000000, 0x0000000100000000)
  region size 1024K, 3 young (3072K), 3 survivors (3072K)
 Metaspace       used 155701K, committed 156864K, reserved 1245184K
  class space    used 21098K, committed 21632K, reserved 1048576K
}
Event: 924.908 GC heap before
{Heap before GC invocations=64 (full 0):
 garbage-first heap   total 387072K, used 241170K [0x0000000080000000, 0x0000000100000000)
  region size 1024K, 18 young (18432K), 3 survivors (3072K)
 Metaspace       used 155765K, committed 156928K, reserved 1245184K
  class space    used 21103K, committed 21632K, reserved 1048576K
}

