# JRE version: OpenJDK Runtime Environment (17.0.9) (build 17.0.9+0-17.0.9b1087.7-11185874)
# Java VM: OpenJDK 64-Bit Server VM (17.0.9+0-17.0.9b1087.7-11185874, mixed mode, tiered, compressed oops, compressed class ptrs, g1 gc, linux-amd64)
GC Precious Log:
 CPUs: 4 total, 4 available
 Memory: 7891M
 Large Page Support: Disabled
 NUMA Support: Disabled
 Compressed Oops: Enabled (32-bit)
 Heap Region Size: 1M
 Heap Min Capacity: 8M
 Heap Initial Capacity: 124M
 Heap Max Capacity: 2G
 Pre-touch: Disabled
 Parallel Workers: 4
 Concurrent Workers: 1
 Concurrent Refinement Workers: 4
 Periodic GC: Disabled
Heap:
 garbage-first heap   total 505856K, used 299008K [0x0000000080000000, 0x0000000100000000)
  region size 1024K, 11 young (11264K), 11 survivors (11264K)
 Metaspace       used 133011K, committed 133888K, reserved 1179648K
  class space    used 17983K, committed 18368K, reserved 1048576K
GC Heap History (20 events):
Event: 51.617 GC heap after
{Heap after GC invocations=47 (full 0):
 garbage-first heap   total 204800K, used 113664K [0x0000000080000000, 0x0000000100000000)
  region size 1024K, 1 young (1024K), 1 survivors (1024K)
 Metaspace       used 113498K, committed 114304K, reserved 1179648K
  class space    used 15531K, committed 15872K, reserved 1048576K
}
Event: 52.716 GC heap before
{Heap before GC invocations=47 (full 0):
 garbage-first heap   total 204800K, used 166912K [0x0000000080000000, 0x0000000100000000)
  region size 1024K, 54 young (55296K), 1 survivors (1024K)
 Metaspace       used 114203K, committed 114944K, reserved 1179648K
  class space    used 15625K, committed 16000K, reserved 1048576K
}
Event: 52.732 GC heap after
{Heap after GC invocations=48 (full 0):
 garbage-first heap   total 204800K, used 118120K [0x0000000080000000, 0x0000000100000000)
  region size 1024K, 6 young (6144K), 6 survivors (6144K)
 Metaspace       used 114203K, committed 114944K, reserved 1179648K
  class space    used 15625K, committed 16000K, reserved 1048576K
}
Event: 54.263 GC heap before
{Heap before GC invocations=49 (full 0):
 garbage-first heap   total 219136K, used 168296K [0x0000000080000000, 0x0000000100000000)
  region size 1024K, 56 young (57344K), 6 survivors (6144K)
 Metaspace       used 116297K, committed 117120K, reserved 1179648K
  class space    used 15820K, committed 16256K, reserved 1048576K
}
Event: 54.281 GC heap after
{Heap after GC invocations=50 (full 0):
 garbage-first heap   total 219136K, used 124154K [0x0000000080000000, 0x0000000100000000)
  region size 1024K, 7 young (7168K), 7 survivors (7168K)
 Metaspace       used 116297K, committed 117120K, reserved 1179648K
  class space    used 15820K, committed 16256K, reserved 1048576K
}
Event: 54.319 GC heap before
{Heap before GC invocations=50 (full 0):
 garbage-first heap   total 219136K, used 127226K [0x0000000080000000, 0x0000000100000000)
  region size 1024K, 10 young (10240K), 7 survivors (7168K)
 Metaspace       used 116307K, committed 117184K, reserved 1179648K
  class space    used 15820K, committed 16256K, reserved 1048576K
}
Event: 54.337 GC heap after
{Heap after GC invocations=51 (full 0):
 garbage-first heap   total 505856K, used 122087K [0x0000000080000000, 0x0000000100000000)
  region size 1024K, 2 young (2048K), 2 survivors (2048K)
 Metaspace       used 116307K, committed 117184K, reserved 1179648K
  class space    used 15820K, committed 16256K, reserved 1048576K
}
Event: 60.867 GC heap before
{Heap before GC invocations=51 (full 0):
 garbage-first heap   total 505856K, used 373991K [0x0000000080000000, 0x0000000100000000)
  region size 1024K, 234 young (239616K), 2 survivors (2048K)
 Metaspace       used 122068K, committed 122880K, reserved 1179648K
  class space    used 16357K, committed 16768K, reserved 1048576K
}
Event: 60.932 GC heap after
{Heap after GC invocations=52 (full 0):
 garbage-first heap   total 505856K, used 139222K [0x0000000080000000, 0x0000000100000000)
  region size 1024K, 19 young (19456K), 19 survivors (19456K)
 Metaspace       used 122068K, committed 122880K, reserved 1179648K
  class space    used 16357K, committed 16768K, reserved 1048576K
}
Event: 71.674 GC heap before
{Heap before GC invocations=52 (full 0):
 garbage-first heap   total 505856K, used 399318K [0x0000000080000000, 0x0000000100000000)
  region size 1024K, 247 young (252928K), 19 survivors (19456K)
 Metaspace       used 129434K, committed 130304K, reserved 1179648K
  class space    used 17304K, committed 17728K, reserved 1048576K
}
Event: 71.908 GC heap after
{Heap after GC invocations=53 (full 0):
 garbage-first heap   total 505856K, used 187484K [0x0000000080000000, 0x0000000100000000)
  region size 1024K, 21 young (21504K), 21 survivors (21504K)
 Metaspace       used 129434K, committed 130304K, reserved 1179648K
  class space    used 17304K, committed 17728K, reserved 1048576K
}
Event: 71.986 GC heap before
{Heap before GC invocations=53 (full 0):
 garbage-first heap   total 505856K, used 274524K [0x0000000080000000, 0x0000000100000000)
  region size 1024K, 44 young (45056K), 21 survivors (21504K)
 Metaspace       used 129441K, committed 130304K, reserved 1179648K
  class space    used 17304K, committed 17728K, reserved 1048576K
}
Event: 72.054 GC heap after
{Heap after GC invocations=54 (full 0):
 garbage-first heap   total 505856K, used 224961K [0x0000000080000000, 0x0000000100000000)
  region size 1024K, 10 young (10240K), 10 survivors (10240K)
 Metaspace       used 129441K, committed 130304K, reserved 1179648K
  class space    used 17304K, committed 17728K, reserved 1048576K
}
Event: 73.741 GC heap before
{Heap before GC invocations=54 (full 0):
 garbage-first heap   total 505856K, used 267969K [0x0000000080000000, 0x0000000100000000)
  region size 1024K, 47 young (48128K), 10 survivors (10240K)
 Metaspace       used 129733K, committed 130560K, reserved 1179648K
  class space    used 17348K, committed 17728K, reserved 1048576K
}
Event: 73.795 GC heap after
{Heap after GC invocations=55 (full 0):
 garbage-first heap   total 505856K, used 237568K [0x0000000080000000, 0x0000000100000000)
  region size 1024K, 18 young (18432K), 18 survivors (18432K)
 Metaspace       used 129733K, committed 130560K, reserved 1179648K
  class space    used 17348K, committed 17728K, reserved 1048576K
}
Event: 75.764 GC heap before
{Heap before GC invocations=56 (full 0):
 garbage-first heap   total 505856K, used 355328K [0x0000000080000000, 0x0000000100000000)
  region size 1024K, 135 young (138240K), 18 survivors (18432K)
 Metaspace       used 132491K, committed 133440K, reserved 1179648K
  class space    used 17932K, committed 18368K, reserved 1048576K
}
Event: 76.020 GC heap after
{Heap after GC invocations=57 (full 0):
 garbage-first heap   total 505856K, used 265182K [0x0000000080000000, 0x0000000100000000)
  region size 1024K, 17 young (17408K), 17 survivors (17408K)
 Metaspace       used 132491K, committed 133440K, reserved 1179648K
  class space    used 17932K, committed 18368K, reserved 1048576K
}
Event: 76.209 GC heap before
{Heap before GC invocations=57 (full 0):
 garbage-first heap   total 505856K, used 271326K [0x0000000080000000, 0x0000000100000000)
  region size 1024K, 24 young (24576K), 17 survivors (17408K)
 Metaspace       used 132571K, committed 133504K, reserved 1179648K
  class space    used 17943K, committed 18368K, reserved 1048576K
}
Event: 76.344 GC heap after
{Heap after GC invocations=58 (full 0):
 garbage-first heap   total 505856K, used 263680K [0x0000000080000000, 0x0000000100000000)
  region size 1024K, 3 young (3072K), 3 survivors (3072K)
 Metaspace       used 132571K, committed 133504K, reserved 1179648K
  class space    used 17943K, committed 18368K, reserved 1048576K
}
Event: 77.385 GC heap before
{Heap before GC invocations=58 (full 0):
 garbage-first heap   total 505856K, used 342528K [0x0000000080000000, 0x0000000100000000)
  region size 1024K, 81 young (82944K), 3 survivors (3072K)
 Metaspace       used 133011K, committed 133888K, reserved 1179648K
  class space    used 17983K, committed 18368K, reserved 1048576K
}

